Backend error message
---------------------
AttemptID:attempt_1489849070854_0013_m_000000_0 Info:Error: java.io.IOException: exception in AvroStorageDataConversionUtilities.packIntoAvro
	at org.apache.pig.impl.util.avro.AvroStorageDataConversionUtilities.packIntoAvro(AvroStorageDataConversionUtilities.java:89)
	at org.apache.pig.impl.util.avro.AvroRecordWriter.write(AvroRecordWriter.java:114)
	at org.apache.pig.impl.util.avro.AvroRecordWriter.write(AvroRecordWriter.java:51)
	at org.apache.pig.builtin.AvroStorage.putNext(AvroStorage.java:552)
	at org.apache.pig.backend.hadoop.executionengine.mapReduceLayer.PigOutputFormat$PigRecordWriter.write(PigOutputFormat.java:139)
	at org.apache.pig.backend.hadoop.executionengine.mapReduceLayer.PigOutputFormat$PigRecordWriter.write(PigOutputFormat.java:98)
	at org.apache.hadoop.mapred.MapTask$NewDirectOutputCollector.write(MapTask.java:658)
	at org.apache.hadoop.mapreduce.task.TaskInputOutputContextImpl.write(TaskInputOutputContextImpl.java:89)
	at org.apache.hadoop.mapreduce.lib.map.WrappedMapper$Context.write(WrappedMapper.java:112)
	at org.apache.pig.backend.hadoop.executionengine.mapReduceLayer.PigMapOnly$Map.collect(PigMapOnly.java:48)
	at org.apache.pig.backend.hadoop.executionengine.mapReduceLayer.PigGenericMapBase.runPipeline(PigGenericMapBase.java:284)
	at org.apache.pig.backend.hadoop.executionengine.mapReduceLayer.PigGenericMapBase.map(PigGenericMapBase.java:277)
	at org.apache.pig.backend.hadoop.executionengine.mapReduceLayer.PigGenericMapBase.map(PigGenericMapBase.java:64)
	at org.apache.hadoop.mapreduce.Mapper.run(Mapper.java:145)
	at org.apache.hadoop.mapred.MapTask.runNewMapper(MapTask.java:787)
	at org.apache.hadoop.mapred.MapTask.run(MapTask.java:341)
	at org.apache.hadoop.mapred.YarnChild$2.run(YarnChild.java:164)
	at java.security.AccessController.doPrivileged(Native Method)
	at javax.security.auth.Subject.doAs(Subject.java:415)
	at org.apache.hadoop.security.UserGroupInformation.doAs(UserGroupInformation.java:1693)
	at org.apache.hadoop.mapred.YarnChild.main(YarnChild.java:158)
Caused by: java.lang.ClassCastException: java.lang.String cannot be cast to org.apache.pig.data.DataByteArray
	at org.apache.pig.impl.util.avro.AvroStorageDataConversionUtilities.packIntoAvro(AvroStorageDataConversionUtilities.java:73)
	... 20 more

Backend error message
---------------------
AttemptID:attempt_1489849070854_0013_m_000000_1 Info:Error: java.io.IOException: exception in AvroStorageDataConversionUtilities.packIntoAvro
	at org.apache.pig.impl.util.avro.AvroStorageDataConversionUtilities.packIntoAvro(AvroStorageDataConversionUtilities.java:89)
	at org.apache.pig.impl.util.avro.AvroRecordWriter.write(AvroRecordWriter.java:114)
	at org.apache.pig.impl.util.avro.AvroRecordWriter.write(AvroRecordWriter.java:51)
	at org.apache.pig.builtin.AvroStorage.putNext(AvroStorage.java:552)
	at org.apache.pig.backend.hadoop.executionengine.mapReduceLayer.PigOutputFormat$PigRecordWriter.write(PigOutputFormat.java:139)
	at org.apache.pig.backend.hadoop.executionengine.mapReduceLayer.PigOutputFormat$PigRecordWriter.write(PigOutputFormat.java:98)
	at org.apache.hadoop.mapred.MapTask$NewDirectOutputCollector.write(MapTask.java:658)
	at org.apache.hadoop.mapreduce.task.TaskInputOutputContextImpl.write(TaskInputOutputContextImpl.java:89)
	at org.apache.hadoop.mapreduce.lib.map.WrappedMapper$Context.write(WrappedMapper.java:112)
	at org.apache.pig.backend.hadoop.executionengine.mapReduceLayer.PigMapOnly$Map.collect(PigMapOnly.java:48)
	at org.apache.pig.backend.hadoop.executionengine.mapReduceLayer.PigGenericMapBase.runPipeline(PigGenericMapBase.java:284)
	at org.apache.pig.backend.hadoop.executionengine.mapReduceLayer.PigGenericMapBase.map(PigGenericMapBase.java:277)
	at org.apache.pig.backend.hadoop.executionengine.mapReduceLayer.PigGenericMapBase.map(PigGenericMapBase.java:64)
	at org.apache.hadoop.mapreduce.Mapper.run(Mapper.java:145)
	at org.apache.hadoop.mapred.MapTask.runNewMapper(MapTask.java:787)
	at org.apache.hadoop.mapred.MapTask.run(MapTask.java:341)
	at org.apache.hadoop.mapred.YarnChild$2.run(YarnChild.java:164)
	at java.security.AccessController.doPrivileged(Native Method)
	at javax.security.auth.Subject.doAs(Subject.java:415)
	at org.apache.hadoop.security.UserGroupInformation.doAs(UserGroupInformation.java:1693)
	at org.apache.hadoop.mapred.YarnChild.main(YarnChild.java:158)
Caused by: java.lang.ClassCastException: java.lang.String cannot be cast to org.apache.pig.data.DataByteArray
	at org.apache.pig.impl.util.avro.AvroStorageDataConversionUtilities.packIntoAvro(AvroStorageDataConversionUtilities.java:73)
	... 20 more

Backend error message
---------------------
AttemptID:attempt_1489849070854_0013_m_000000_2 Info:Error: java.io.IOException: exception in AvroStorageDataConversionUtilities.packIntoAvro
	at org.apache.pig.impl.util.avro.AvroStorageDataConversionUtilities.packIntoAvro(AvroStorageDataConversionUtilities.java:89)
	at org.apache.pig.impl.util.avro.AvroRecordWriter.write(AvroRecordWriter.java:114)
	at org.apache.pig.impl.util.avro.AvroRecordWriter.write(AvroRecordWriter.java:51)
	at org.apache.pig.builtin.AvroStorage.putNext(AvroStorage.java:552)
	at org.apache.pig.backend.hadoop.executionengine.mapReduceLayer.PigOutputFormat$PigRecordWriter.write(PigOutputFormat.java:139)
	at org.apache.pig.backend.hadoop.executionengine.mapReduceLayer.PigOutputFormat$PigRecordWriter.write(PigOutputFormat.java:98)
	at org.apache.hadoop.mapred.MapTask$NewDirectOutputCollector.write(MapTask.java:658)
	at org.apache.hadoop.mapreduce.task.TaskInputOutputContextImpl.write(TaskInputOutputContextImpl.java:89)
	at org.apache.hadoop.mapreduce.lib.map.WrappedMapper$Context.write(WrappedMapper.java:112)
	at org.apache.pig.backend.hadoop.executionengine.mapReduceLayer.PigMapOnly$Map.collect(PigMapOnly.java:48)
	at org.apache.pig.backend.hadoop.executionengine.mapReduceLayer.PigGenericMapBase.runPipeline(PigGenericMapBase.java:284)
	at org.apache.pig.backend.hadoop.executionengine.mapReduceLayer.PigGenericMapBase.map(PigGenericMapBase.java:277)
	at org.apache.pig.backend.hadoop.executionengine.mapReduceLayer.PigGenericMapBase.map(PigGenericMapBase.java:64)
	at org.apache.hadoop.mapreduce.Mapper.run(Mapper.java:145)
	at org.apache.hadoop.mapred.MapTask.runNewMapper(MapTask.java:787)
	at org.apache.hadoop.mapred.MapTask.run(MapTask.java:341)
	at org.apache.hadoop.mapred.YarnChild$2.run(YarnChild.java:164)
	at java.security.AccessController.doPrivileged(Native Method)
	at javax.security.auth.Subject.doAs(Subject.java:415)
	at org.apache.hadoop.security.UserGroupInformation.doAs(UserGroupInformation.java:1693)
	at org.apache.hadoop.mapred.YarnChild.main(YarnChild.java:158)
Caused by: java.lang.ClassCastException: java.lang.String cannot be cast to org.apache.pig.data.DataByteArray
	at org.apache.pig.impl.util.avro.AvroStorageDataConversionUtilities.packIntoAvro(AvroStorageDataConversionUtilities.java:73)
	... 20 more

Backend error message
---------------------
AttemptID:attempt_1489849070854_0013_m_000000_3 Info:Error: java.io.IOException: exception in AvroStorageDataConversionUtilities.packIntoAvro
	at org.apache.pig.impl.util.avro.AvroStorageDataConversionUtilities.packIntoAvro(AvroStorageDataConversionUtilities.java:89)
	at org.apache.pig.impl.util.avro.AvroRecordWriter.write(AvroRecordWriter.java:114)
	at org.apache.pig.impl.util.avro.AvroRecordWriter.write(AvroRecordWriter.java:51)
	at org.apache.pig.builtin.AvroStorage.putNext(AvroStorage.java:552)
	at org.apache.pig.backend.hadoop.executionengine.mapReduceLayer.PigOutputFormat$PigRecordWriter.write(PigOutputFormat.java:139)
	at org.apache.pig.backend.hadoop.executionengine.mapReduceLayer.PigOutputFormat$PigRecordWriter.write(PigOutputFormat.java:98)
	at org.apache.hadoop.mapred.MapTask$NewDirectOutputCollector.write(MapTask.java:658)
	at org.apache.hadoop.mapreduce.task.TaskInputOutputContextImpl.write(TaskInputOutputContextImpl.java:89)
	at org.apache.hadoop.mapreduce.lib.map.WrappedMapper$Context.write(WrappedMapper.java:112)
	at org.apache.pig.backend.hadoop.executionengine.mapReduceLayer.PigMapOnly$Map.collect(PigMapOnly.java:48)
	at org.apache.pig.backend.hadoop.executionengine.mapReduceLayer.PigGenericMapBase.runPipeline(PigGenericMapBase.java:284)
	at org.apache.pig.backend.hadoop.executionengine.mapReduceLayer.PigGenericMapBase.map(PigGenericMapBase.java:277)
	at org.apache.pig.backend.hadoop.executionengine.mapReduceLayer.PigGenericMapBase.map(PigGenericMapBase.java:64)
	at org.apache.hadoop.mapreduce.Mapper.run(Mapper.java:145)
	at org.apache.hadoop.mapred.MapTask.runNewMapper(MapTask.java:787)
	at org.apache.hadoop.mapred.MapTask.run(MapTask.java:341)
	at org.apache.hadoop.mapred.YarnChild$2.run(YarnChild.java:164)
	at java.security.AccessController.doPrivileged(Native Method)
	at javax.security.auth.Subject.doAs(Subject.java:415)
	at org.apache.hadoop.security.UserGroupInformation.doAs(UserGroupInformation.java:1693)
	at org.apache.hadoop.mapred.YarnChild.main(YarnChild.java:158)
Caused by: java.lang.ClassCastException: java.lang.String cannot be cast to org.apache.pig.data.DataByteArray
	at org.apache.pig.impl.util.avro.AvroStorageDataConversionUtilities.packIntoAvro(AvroStorageDataConversionUtilities.java:73)
	... 20 more

Error message from task (map) task_1489849070854_0013_m_000000
--------------------------------------------------------------
ERROR 2997: Encountered IOException. exception in AvroStorageDataConversionUtilities.packIntoAvro

java.io.IOException: exception in AvroStorageDataConversionUtilities.packIntoAvro
	at org.apache.pig.impl.util.avro.AvroStorageDataConversionUtilities.packIntoAvro(AvroStorageDataConversionUtilities.java:89)
	at org.apache.pig.impl.util.avro.AvroRecordWriter.write(AvroRecordWriter.java:114)
	at org.apache.pig.impl.util.avro.AvroRecordWriter.write(AvroRecordWriter.java:51)
	at org.apache.pig.builtin.AvroStorage.putNext(AvroStorage.java:552)
	at org.apache.pig.backend.hadoop.executionengine.mapReduceLayer.PigOutputFormat$PigRecordWriter.write(PigOutputFormat.java:139)
	at org.apache.pig.backend.hadoop.executionengine.mapReduceLayer.PigOutputFormat$PigRecordWriter.write(PigOutputFormat.java:98)
	at org.apache.hadoop.mapred.MapTask$NewDirectOutputCollector.write(MapTask.java:658)
	at org.apache.hadoop.mapreduce.task.TaskInputOutputContextImpl.write(TaskInputOutputContextImpl.java:89)
	at org.apache.hadoop.mapreduce.lib.map.WrappedMapper$Context.write(WrappedMapper.java:112)
	at org.apache.pig.backend.hadoop.executionengine.mapReduceLayer.PigMapOnly$Map.collect(PigMapOnly.java:48)
	at org.apache.pig.backend.hadoop.executionengine.mapReduceLayer.PigGenericMapBase.runPipeline(PigGenericMapBase.java:284)
	at org.apache.pig.backend.hadoop.executionengine.mapReduceLayer.PigGenericMapBase.map(PigGenericMapBase.java:277)
	at org.apache.pig.backend.hadoop.executionengine.mapReduceLayer.PigGenericMapBase.map(PigGenericMapBase.java:64)
	at org.apache.hadoop.mapreduce.Mapper.run(Mapper.java:145)
	at org.apache.hadoop.mapred.MapTask.runNewMapper(MapTask.java:787)
	at org.apache.hadoop.mapred.MapTask.run(MapTask.java:341)
	at org.apache.hadoop.mapred.YarnChild$2.run(YarnChild.java:164)
	at java.security.AccessController.doPrivileged(Native Method)
	at javax.security.auth.Subject.doAs(Subject.java:415)
	at org.apache.hadoop.security.UserGroupInformation.doAs(UserGroupInformation.java:1693)
	at org.apache.hadoop.mapred.YarnChild.main(YarnChild.java:158)
Caused by: java.lang.ClassCastException: java.lang.String cannot be cast to org.apache.pig.data.DataByteArray
	at org.apache.pig.impl.util.avro.AvroStorageDataConversionUtilities.packIntoAvro(AvroStorageDataConversionUtilities.java:73)
================================================================================
Error message from task (map) task_1489849070854_0013_m_000000
--------------------------------------------------------------
ERROR 2997: Encountered IOException. exception in AvroStorageDataConversionUtilities.packIntoAvro

java.io.IOException: exception in AvroStorageDataConversionUtilities.packIntoAvro
	at org.apache.pig.impl.util.avro.AvroStorageDataConversionUtilities.packIntoAvro(AvroStorageDataConversionUtilities.java:89)
	at org.apache.pig.impl.util.avro.AvroRecordWriter.write(AvroRecordWriter.java:114)
	at org.apache.pig.impl.util.avro.AvroRecordWriter.write(AvroRecordWriter.java:51)
	at org.apache.pig.builtin.AvroStorage.putNext(AvroStorage.java:552)
	at org.apache.pig.backend.hadoop.executionengine.mapReduceLayer.PigOutputFormat$PigRecordWriter.write(PigOutputFormat.java:139)
	at org.apache.pig.backend.hadoop.executionengine.mapReduceLayer.PigOutputFormat$PigRecordWriter.write(PigOutputFormat.java:98)
	at org.apache.hadoop.mapred.MapTask$NewDirectOutputCollector.write(MapTask.java:658)
	at org.apache.hadoop.mapreduce.task.TaskInputOutputContextImpl.write(TaskInputOutputContextImpl.java:89)
	at org.apache.hadoop.mapreduce.lib.map.WrappedMapper$Context.write(WrappedMapper.java:112)
	at org.apache.pig.backend.hadoop.executionengine.mapReduceLayer.PigMapOnly$Map.collect(PigMapOnly.java:48)
	at org.apache.pig.backend.hadoop.executionengine.mapReduceLayer.PigGenericMapBase.runPipeline(PigGenericMapBase.java:284)
	at org.apache.pig.backend.hadoop.executionengine.mapReduceLayer.PigGenericMapBase.map(PigGenericMapBase.java:277)
	at org.apache.pig.backend.hadoop.executionengine.mapReduceLayer.PigGenericMapBase.map(PigGenericMapBase.java:64)
	at org.apache.hadoop.mapreduce.Mapper.run(Mapper.java:145)
	at org.apache.hadoop.mapred.MapTask.runNewMapper(MapTask.java:787)
	at org.apache.hadoop.mapred.MapTask.run(MapTask.java:341)
	at org.apache.hadoop.mapred.YarnChild$2.run(YarnChild.java:164)
	at java.security.AccessController.doPrivileged(Native Method)
	at javax.security.auth.Subject.doAs(Subject.java:415)
	at org.apache.hadoop.security.UserGroupInformation.doAs(UserGroupInformation.java:1693)
	at org.apache.hadoop.mapred.YarnChild.main(YarnChild.java:158)
Caused by: java.lang.ClassCastException: java.lang.String cannot be cast to org.apache.pig.data.DataByteArray
	at org.apache.pig.impl.util.avro.AvroStorageDataConversionUtilities.packIntoAvro(AvroStorageDataConversionUtilities.java:73)
================================================================================
Error message from task (map) task_1489849070854_0013_m_000000
--------------------------------------------------------------
ERROR 2997: Encountered IOException. exception in AvroStorageDataConversionUtilities.packIntoAvro

java.io.IOException: exception in AvroStorageDataConversionUtilities.packIntoAvro
	at org.apache.pig.impl.util.avro.AvroStorageDataConversionUtilities.packIntoAvro(AvroStorageDataConversionUtilities.java:89)
	at org.apache.pig.impl.util.avro.AvroRecordWriter.write(AvroRecordWriter.java:114)
	at org.apache.pig.impl.util.avro.AvroRecordWriter.write(AvroRecordWriter.java:51)
	at org.apache.pig.builtin.AvroStorage.putNext(AvroStorage.java:552)
	at org.apache.pig.backend.hadoop.executionengine.mapReduceLayer.PigOutputFormat$PigRecordWriter.write(PigOutputFormat.java:139)
	at org.apache.pig.backend.hadoop.executionengine.mapReduceLayer.PigOutputFormat$PigRecordWriter.write(PigOutputFormat.java:98)
	at org.apache.hadoop.mapred.MapTask$NewDirectOutputCollector.write(MapTask.java:658)
	at org.apache.hadoop.mapreduce.task.TaskInputOutputContextImpl.write(TaskInputOutputContextImpl.java:89)
	at org.apache.hadoop.mapreduce.lib.map.WrappedMapper$Context.write(WrappedMapper.java:112)
	at org.apache.pig.backend.hadoop.executionengine.mapReduceLayer.PigMapOnly$Map.collect(PigMapOnly.java:48)
	at org.apache.pig.backend.hadoop.executionengine.mapReduceLayer.PigGenericMapBase.runPipeline(PigGenericMapBase.java:284)
	at org.apache.pig.backend.hadoop.executionengine.mapReduceLayer.PigGenericMapBase.map(PigGenericMapBase.java:277)
	at org.apache.pig.backend.hadoop.executionengine.mapReduceLayer.PigGenericMapBase.map(PigGenericMapBase.java:64)
	at org.apache.hadoop.mapreduce.Mapper.run(Mapper.java:145)
	at org.apache.hadoop.mapred.MapTask.runNewMapper(MapTask.java:787)
	at org.apache.hadoop.mapred.MapTask.run(MapTask.java:341)
	at org.apache.hadoop.mapred.YarnChild$2.run(YarnChild.java:164)
	at java.security.AccessController.doPrivileged(Native Method)
	at javax.security.auth.Subject.doAs(Subject.java:415)
	at org.apache.hadoop.security.UserGroupInformation.doAs(UserGroupInformation.java:1693)
	at org.apache.hadoop.mapred.YarnChild.main(YarnChild.java:158)
Caused by: java.lang.ClassCastException: java.lang.String cannot be cast to org.apache.pig.data.DataByteArray
	at org.apache.pig.impl.util.avro.AvroStorageDataConversionUtilities.packIntoAvro(AvroStorageDataConversionUtilities.java:73)
================================================================================
Error message from task (map) task_1489849070854_0013_m_000000
--------------------------------------------------------------
ERROR 2997: Encountered IOException. exception in AvroStorageDataConversionUtilities.packIntoAvro

java.io.IOException: exception in AvroStorageDataConversionUtilities.packIntoAvro
	at org.apache.pig.impl.util.avro.AvroStorageDataConversionUtilities.packIntoAvro(AvroStorageDataConversionUtilities.java:89)
	at org.apache.pig.impl.util.avro.AvroRecordWriter.write(AvroRecordWriter.java:114)
	at org.apache.pig.impl.util.avro.AvroRecordWriter.write(AvroRecordWriter.java:51)
	at org.apache.pig.builtin.AvroStorage.putNext(AvroStorage.java:552)
	at org.apache.pig.backend.hadoop.executionengine.mapReduceLayer.PigOutputFormat$PigRecordWriter.write(PigOutputFormat.java:139)
	at org.apache.pig.backend.hadoop.executionengine.mapReduceLayer.PigOutputFormat$PigRecordWriter.write(PigOutputFormat.java:98)
	at org.apache.hadoop.mapred.MapTask$NewDirectOutputCollector.write(MapTask.java:658)
	at org.apache.hadoop.mapreduce.task.TaskInputOutputContextImpl.write(TaskInputOutputContextImpl.java:89)
	at org.apache.hadoop.mapreduce.lib.map.WrappedMapper$Context.write(WrappedMapper.java:112)
	at org.apache.pig.backend.hadoop.executionengine.mapReduceLayer.PigMapOnly$Map.collect(PigMapOnly.java:48)
	at org.apache.pig.backend.hadoop.executionengine.mapReduceLayer.PigGenericMapBase.runPipeline(PigGenericMapBase.java:284)
	at org.apache.pig.backend.hadoop.executionengine.mapReduceLayer.PigGenericMapBase.map(PigGenericMapBase.java:277)
	at org.apache.pig.backend.hadoop.executionengine.mapReduceLayer.PigGenericMapBase.map(PigGenericMapBase.java:64)
	at org.apache.hadoop.mapreduce.Mapper.run(Mapper.java:145)
	at org.apache.hadoop.mapred.MapTask.runNewMapper(MapTask.java:787)
	at org.apache.hadoop.mapred.MapTask.run(MapTask.java:341)
	at org.apache.hadoop.mapred.YarnChild$2.run(YarnChild.java:164)
	at java.security.AccessController.doPrivileged(Native Method)
	at javax.security.auth.Subject.doAs(Subject.java:415)
	at org.apache.hadoop.security.UserGroupInformation.doAs(UserGroupInformation.java:1693)
	at org.apache.hadoop.mapred.YarnChild.main(YarnChild.java:158)
Caused by: java.lang.ClassCastException: java.lang.String cannot be cast to org.apache.pig.data.DataByteArray
	at org.apache.pig.impl.util.avro.AvroStorageDataConversionUtilities.packIntoAvro(AvroStorageDataConversionUtilities.java:73)
================================================================================
